c:\users\usuario\source\repos\first_kernel_driver\build\km_intermediates\vc143.pdb
c:\users\usuario\source\repos\first_kernel_driver\build\km_intermediates\main.obj
c:\users\usuario\source\repos\first_kernel_driver\build\km\km.cat
c:\users\usuario\source\repos\first_kernel_driver\build\km.sys
c:\users\usuario\source\repos\first_kernel_driver\build\km.pdb
c:\users\usuario\source\repos\first_kernel_driver\build\km_intermediates\km.inf
c:\users\usuario\source\repos\first_kernel_driver\build\km.cer
c:\users\usuario\source\repos\first_kernel_driver\build\km.inf
c:\users\usuario\source\repos\first_kernel_driver\build\km_intermediates\km.vcxproj.filelistabsolute.txt
c:\users\usuario\source\repos\first_kernel_driver\build\km_intermediates\km.tlog\cl.command.1.tlog
c:\users\usuario\source\repos\first_kernel_driver\build\km_intermediates\km.tlog\cl.items.tlog
c:\users\usuario\source\repos\first_kernel_driver\build\km_intermediates\km.tlog\cl.read.1.tlog
c:\users\usuario\source\repos\first_kernel_driver\build\km_intermediates\km.tlog\cl.write.1.tlog
c:\users\usuario\source\repos\first_kernel_driver\build\km_intermediates\km.tlog\inf2cat-expand.5864.read.1.tlog
c:\users\usuario\source\repos\first_kernel_driver\build\km_intermediates\km.tlog\inf2cat-expand.5864.write.1.tlog
c:\users\usuario\source\repos\first_kernel_driver\build\km_intermediates\km.tlog\inf2cat-expand.read.1.tlog
c:\users\usuario\source\repos\first_kernel_driver\build\km_intermediates\km.tlog\inf2cat-expand.write.1.tlog
c:\users\usuario\source\repos\first_kernel_driver\build\km_intermediates\km.tlog\inf2cat.command.1.tlog
c:\users\usuario\source\repos\first_kernel_driver\build\km_intermediates\km.tlog\inf2cat.read.1.tlog
c:\users\usuario\source\repos\first_kernel_driver\build\km_intermediates\km.tlog\inf2cat.write.1.tlog
c:\users\usuario\source\repos\first_kernel_driver\build\km_intermediates\km.tlog\link.command.1.tlog
c:\users\usuario\source\repos\first_kernel_driver\build\km_intermediates\km.tlog\link.read.1.tlog
c:\users\usuario\source\repos\first_kernel_driver\build\km_intermediates\km.tlog\link.secondary.1.tlog
c:\users\usuario\source\repos\first_kernel_driver\build\km_intermediates\km.tlog\link.write.1.tlog
c:\users\usuario\source\repos\first_kernel_driver\build\km_intermediates\km.tlog\signtool.command.1.tlog
c:\users\usuario\source\repos\first_kernel_driver\build\km_intermediates\km.tlog\signtool.read.1.tlog
c:\users\usuario\source\repos\first_kernel_driver\build\km_intermediates\km.tlog\signtool.timestamp.1.tlog
c:\users\usuario\source\repos\first_kernel_driver\build\km_intermediates\km.tlog\signtool.write.1.tlog
c:\users\usuario\source\repos\first_kernel_driver\build\km_intermediates\km.tlog\stampinf.command.1.tlog
c:\users\usuario\source\repos\first_kernel_driver\build\km_intermediates\km.tlog\stampinf.read.1.tlog
c:\users\usuario\source\repos\first_kernel_driver\build\km_intermediates\km.tlog\stampinf.write.1.tlog
